<?xml version="1.0" encoding="UTF-8"?>
<!-- Generated by org.testng.reporters.JUnitReportReporter -->
<testsuite hostname="DESKTOP-H5NHACQ" failures="0" tests="1" name="practiceArrayPrograms.sec_smallestElement" time="0.032" errors="0" timestamp="2024-11-26T10:11:52 IST" skipped="0">
  <testcase classname="practiceArrayPrograms.sec_smallestElement" name="sec_Smallest" time="0.032"/>
  <system-out/>
</testsuite> <!-- practiceArrayPrograms.sec_smallestElement -->
