<?xml version="1.0" encoding="UTF-8"?>
<!-- Generated by org.testng.reporters.JUnitReportReporter -->
<testsuite hostname="DESKTOP-H5NHACQ" failures="0" tests="1" name="practiceArrayPrograms.Right_totation" time="0.018" errors="0" timestamp="2024-11-28T10:10:31 IST" skipped="0">
  <testcase classname="practiceArrayPrograms.Right_totation" name="rightShiftWithColl" time="0.018"/>
  <system-out/>
</testsuite> <!-- practiceArrayPrograms.Right_totation -->
