<?xml version="1.0" encoding="UTF-8"?>
<!-- Generated by org.testng.reporters.JUnitReportReporter -->
<testsuite hostname="DESKTOP-H5NHACQ" failures="0" tests="1" name="practiceString_Programs.duplicateWords" time="0.021" errors="0" timestamp="2024-11-27T18:20:01 IST" skipped="0">
  <testcase classname="practiceString_Programs.duplicateWords" name="repeat" time="0.021"/>
  <system-out/>
</testsuite> <!-- practiceString_Programs.duplicateWords -->
